[2026-03-27 01:58:27] Auto-push script started
[2026-03-27 01:58:27] File changed, starting auto-push process...
[2026-03-27 01:58:27] File added to git staging area
[2026-03-27 01:58:27] WARNING: No changes to commit or commit failed
[2026-03-27 01:58:27] Auto-push script completed
[2026-03-27 01:59:27] Auto-push script started
[2026-03-27 01:59:27] File changed, starting auto-push process...
[2026-03-27 01:59:27] File added to git staging area
[2026-03-27 01:59:27] WARNING: No changes to commit or commit failed
[2026-03-27 01:59:27] Auto-push script completed
[2026-03-27 02:00:27] Auto-push script started
[2026-03-27 02:00:27] File changed, starting auto-push process...
[2026-03-27 02:00:27] File added to git staging area
[2026-03-27 02:00:27] WARNING: No changes to commit or commit failed
[2026-03-27 02:00:27] Auto-push script completed
[2026-03-27 02:01:27] Auto-push script started
[2026-03-27 02:01:27] File changed, starting auto-push process...
[2026-03-27 02:01:27] File added to git staging area
[2026-03-27 02:01:27] WARNING: No changes to commit or commit failed
[2026-03-27 02:01:27] Auto-push script completed
[2026-03-27 02:02:27] Auto-push script started
[2026-03-27 02:02:27] File changed, starting auto-push process...
[2026-03-27 02:02:27] File added to git staging area
[2026-03-27 02:02:27] WARNING: No changes to commit or commit failed
[2026-03-27 02:02:27] Auto-push script completed
[2026-03-27 02:03:27] Auto-push script started
[2026-03-27 02:03:27] File changed, starting auto-push process...
[2026-03-27 02:03:27] File added to git staging area
[2026-03-27 02:03:27] WARNING: No changes to commit or commit failed
[2026-03-27 02:03:27] Auto-push script completed
[2026-03-27 02:04:27] Auto-push script started
[2026-03-27 02:04:27] File changed, starting auto-push process...
[2026-03-27 02:04:27] File added to git staging area
[2026-03-27 02:04:27] WARNING: No changes to commit or commit failed
[2026-03-27 02:04:27] Auto-push script completed
[2026-03-27 02:05:27] Auto-push script started
[2026-03-27 02:05:27] File changed, starting auto-push process...
[2026-03-27 02:05:28] File added to git staging area
[2026-03-27 02:05:28] WARNING: No changes to commit or commit failed
[2026-03-27 02:05:28] Auto-push script completed
[2026-03-27 02:06:28] Auto-push script started
[2026-03-27 02:06:28] File changed, starting auto-push process...
[2026-03-27 02:06:28] File added to git staging area
[2026-03-27 02:06:28] WARNING: No changes to commit or commit failed
[2026-03-27 02:06:28] Auto-push script completed
[2026-03-27 02:07:28] Auto-push script started
[2026-03-27 02:07:28] File changed, starting auto-push process...
[2026-03-27 02:07:28] File added to git staging area
[2026-03-27 02:07:28] WARNING: No changes to commit or commit failed
[2026-03-27 02:07:28] Auto-push script completed
[2026-03-27 02:08:28] Auto-push script started
[2026-03-27 02:08:28] File changed, starting auto-push process...
[2026-03-27 02:08:28] File added to git staging area
[2026-03-27 02:08:28] WARNING: No changes to commit or commit failed
[2026-03-27 02:08:28] Auto-push script completed
[2026-03-27 02:09:28] Auto-push script started
[2026-03-27 02:09:28] File changed, starting auto-push process...
[2026-03-27 02:09:28] File added to git staging area
[2026-03-27 02:09:28] WARNING: No changes to commit or commit failed
[2026-03-27 02:09:28] Auto-push script completed
[2026-03-27 02:10:28] Auto-push script started
[2026-03-27 02:10:28] File changed, starting auto-push process...
[2026-03-27 02:10:28] File added to git staging area
[2026-03-27 02:10:28] WARNING: No changes to commit or commit failed
[2026-03-27 02:10:28] Auto-push script completed
[2026-03-27 02:11:28] Auto-push script started
[2026-03-27 02:11:28] File changed, starting auto-push process...
[2026-03-27 02:11:28] File added to git staging area
[2026-03-27 02:11:28] WARNING: No changes to commit or commit failed
[2026-03-27 02:11:28] Auto-push script completed
[2026-03-27 02:12:28] Auto-push script started
[2026-03-27 02:12:28] File changed, starting auto-push process...
[2026-03-27 02:12:28] File added to git staging area
[2026-03-27 02:12:28] WARNING: No changes to commit or commit failed
[2026-03-27 02:12:28] Auto-push script completed
[2026-03-27 02:12:52] Auto-push script started
[2026-03-27 02:12:52] File changed, starting auto-push process...
[2026-03-27 02:12:52] File added to git staging area
[2026-03-27 02:12:52] No actual changes detected in staged files
[2026-03-27 02:12:52] Auto-push script completed
[2026-03-27 02:13:06] Auto-push script started
[2026-03-27 02:13:06] No changes detected in EPG combined XML file
[2026-03-27 02:13:06] Auto-push script completed
[2026-03-27 02:13:52] Auto-push script started
[2026-03-27 02:13:52] No changes detected in EPG combined XML file
[2026-03-27 02:13:52] Auto-push script completed
[2026-03-27 02:14:52] Auto-push script started
[2026-03-27 02:14:52] No changes detected in EPG combined XML file
[2026-03-27 02:14:52] Auto-push script completed
[2026-03-27 02:15:52] Auto-push script started
[2026-03-27 02:15:52] No changes detected in EPG combined XML file
[2026-03-27 02:15:52] Auto-push script completed
[2026-03-27 02:16:53] Auto-push script started
[2026-03-27 02:16:53] No changes detected in EPG combined XML file
[2026-03-27 02:16:53] Auto-push script completed
[2026-03-27 02:17:53] Auto-push script started
[2026-03-27 02:17:53] No changes detected in EPG combined XML file
[2026-03-27 02:17:53] Auto-push script completed
[2026-03-27 02:18:53] Auto-push script started
[2026-03-27 02:18:53] No changes detected in EPG combined XML file
[2026-03-27 02:18:53] Auto-push script completed
[2026-03-27 02:19:53] Auto-push script started
[2026-03-27 02:19:53] File hash changed: 3f243395a56bfe30852b1875b0bd1f96 -> 443d2e0669bc7d0a42d5cc1789af8299
[2026-03-27 02:19:53] File changed, starting auto-push process...
[2026-03-27 02:19:53] File added to git staging area
[2026-03-27 02:19:53] ERROR: Failed to commit changes
[2026-03-27 02:19:53] Auto-push script completed
[2026-03-27 02:20:53] Auto-push script started
[2026-03-27 02:20:53] No changes detected in EPG combined XML file
[2026-03-27 02:20:53] Auto-push script completed
[2026-03-27 02:21:53] Auto-push script started
[2026-03-27 02:21:53] No changes detected in EPG combined XML file
[2026-03-27 02:21:53] Auto-push script completed
[2026-03-27 02:22:53] Auto-push script started
[2026-03-27 02:22:53] No changes detected in EPG combined XML file
[2026-03-27 02:22:53] Auto-push script completed
[2026-03-27 02:23:53] Auto-push script started
[2026-03-27 02:23:53] No changes detected in EPG combined XML file
[2026-03-27 02:23:53] Auto-push script completed
[2026-03-27 02:24:53] Auto-push script started
[2026-03-27 02:24:53] File hash changed: 443d2e0669bc7d0a42d5cc1789af8299 -> 3f243395a56bfe30852b1875b0bd1f96
[2026-03-27 02:24:53] File changed, starting auto-push process...
[2026-03-27 02:24:53] File added to git staging area
[2026-03-27 02:24:53] No actual changes detected in staged files
[2026-03-27 02:24:53] Auto-push script completed
[2026-03-27 02:25:53] Auto-push script started
[2026-03-27 02:25:53] No changes detected in EPG combined XML file
[2026-03-27 02:25:53] Auto-push script completed
[2026-03-27 02:39:54] Auto-push script started
[2026-03-27 02:39:54] No changes detected in EPG combined XML file
[2026-03-27 02:39:54] Auto-push script completed
[2026-03-27 02:40:54] Auto-push script started
[2026-03-27 02:40:54] No changes detected in EPG combined XML file
[2026-03-27 02:40:54] Auto-push script completed
[2026-03-27 02:41:54] Auto-push script started
[2026-03-27 02:41:54] File hash changed: 3f243395a56bfe30852b1875b0bd1f96 -> 9c7a57f672b64faa5be0fcf6026f6312
[2026-03-27 02:41:54] File changed, starting auto-push process...
[2026-03-27 02:41:54] File added to git staging area
[2026-03-27 02:41:54] No actual changes detected in staged files
[2026-03-27 02:41:54] Auto-push script completed
[2026-03-27 02:42:54] Auto-push script started
[2026-03-27 02:42:54] No changes detected in EPG combined XML file
[2026-03-27 02:42:54] Auto-push script completed
[2026-03-27 02:43:54] Auto-push script started
[2026-03-27 02:43:54] No changes detected in EPG combined XML file
[2026-03-27 02:43:54] Auto-push script completed
[2026-03-27 02:44:54] Auto-push script started
[2026-03-27 02:44:54] No changes detected in EPG combined XML file
[2026-03-27 02:44:54] Auto-push script completed
[2026-03-27 02:45:54] Auto-push script started
[2026-03-27 02:45:54] No changes detected in EPG combined XML file
[2026-03-27 02:45:54] Auto-push script completed
[2026-03-27 02:46:54] Auto-push script started
[2026-03-27 02:46:54] File hash changed: 9c7a57f672b64faa5be0fcf6026f6312 -> 0d6f2768a006397df97c3d4eefea8abe
[2026-03-27 02:46:54] File changed, starting auto-push process...
[2026-03-27 02:46:55] File added to git staging area
[2026-03-27 02:46:55] ERROR: Failed to commit changes
[2026-03-27 02:46:55] Auto-push script completed
[2026-03-27 02:47:55] Auto-push script started
[2026-03-27 02:47:55] No changes detected in EPG combined XML file
[2026-03-27 02:47:55] Auto-push script completed
[2026-03-27 02:48:55] Auto-push script started
[2026-03-27 02:48:55] No changes detected in EPG combined XML file
[2026-03-27 02:48:55] Auto-push script completed
[2026-03-27 02:49:55] Auto-push script started
[2026-03-27 02:49:55] File hash changed: 0d6f2768a006397df97c3d4eefea8abe -> 9c7a57f672b64faa5be0fcf6026f6312
[2026-03-27 02:49:55] File changed, starting auto-push process...
[2026-03-27 02:49:55] File added to git staging area
[2026-03-27 02:49:55] ERROR: Failed to commit changes
[2026-03-27 02:49:55] Auto-push script completed
[2026-03-27 02:50:55] Auto-push script started
[2026-03-27 02:50:55] No changes detected in EPG combined XML file
[2026-03-27 02:50:55] Auto-push script completed
[2026-03-27 02:51:55] Auto-push script started
[2026-03-27 02:51:55] File hash changed: 9c7a57f672b64faa5be0fcf6026f6312 -> 98801814b03428107126996163a7886e
[2026-03-27 02:51:55] File changed, starting auto-push process...
[2026-03-27 02:51:55] File added to git staging area
[2026-03-27 02:51:55] ERROR: Failed to commit changes
[2026-03-27 02:51:55] Auto-push script completed
[2026-03-27 02:52:55] Auto-push script started
[2026-03-27 02:52:55] No changes detected in EPG combined XML file
[2026-03-27 02:52:55] Auto-push script completed
[2026-03-27 02:53:28] Auto-push script started
[2026-03-27 02:53:28] No changes detected in EPG combined XML file
[2026-03-27 02:53:28] Auto-push script completed
[2026-03-27 02:54:28] Auto-push script started
[2026-03-27 02:54:28] No changes detected in EPG combined XML file
[2026-03-27 02:54:28] Auto-push script completed
[2026-03-27 02:55:28] Auto-push script started
[2026-03-27 02:55:28] No changes detected in EPG combined XML file
[2026-03-27 02:55:28] Auto-push script completed
[2026-03-27 02:56:28] Auto-push script started
[2026-03-27 02:56:28] No changes detected in EPG combined XML file
[2026-03-27 02:56:28] Auto-push script completed
[2026-03-27 02:57:28] Auto-push script started
[2026-03-27 02:57:28] No changes detected in EPG combined XML file
[2026-03-27 02:57:28] Auto-push script completed
[2026-03-27 02:58:28] Auto-push script started
[2026-03-27 02:58:28] No changes detected in EPG combined XML file
[2026-03-27 02:58:28] Auto-push script completed
[2026-03-27 02:59:28] Auto-push script started
[2026-03-27 02:59:28] No changes detected in EPG combined XML file
[2026-03-27 02:59:28] Auto-push script completed
[2026-03-27 03:00:28] Auto-push script started
[2026-03-27 03:00:28] No changes detected in EPG combined XML file
[2026-03-27 03:00:28] Auto-push script completed
[2026-03-27 03:01:28] Auto-push script started
[2026-03-27 03:01:28] No changes detected in EPG combined XML file
[2026-03-27 03:01:28] Auto-push script completed
[2026-03-27 03:02:28] Auto-push script started
[2026-03-27 03:02:28] No changes detected in EPG combined XML file
[2026-03-27 03:02:28] Auto-push script completed
[2026-03-27 03:03:28] Auto-push script started
[2026-03-27 03:03:28] No changes detected in EPG combined XML file
[2026-03-27 03:03:28] Auto-push script completed
[2026-03-27 03:04:28] Auto-push script started
[2026-03-27 03:04:28] No changes detected in EPG combined XML file
[2026-03-27 03:04:28] Auto-push script completed
[2026-03-27 03:05:28] Auto-push script started
[2026-03-27 03:05:28] No changes detected in EPG combined XML file
[2026-03-27 03:05:28] Auto-push script completed
[2026-03-27 03:06:28] Auto-push script started
[2026-03-27 03:06:28] No changes detected in EPG combined XML file
[2026-03-27 03:06:28] Auto-push script completed
[2026-03-27 03:07:29] Auto-push script started
[2026-03-27 03:07:29] No changes detected in EPG combined XML file
[2026-03-27 03:07:29] Auto-push script completed
[2026-03-27 03:08:29] Auto-push script started
[2026-03-27 03:08:29] No changes detected in EPG combined XML file
[2026-03-27 03:08:29] Auto-push script completed
[2026-03-27 03:09:29] Auto-push script started
[2026-03-27 03:09:29] No changes detected in EPG combined XML file
[2026-03-27 03:09:29] Auto-push script completed
[2026-03-27 03:10:29] Auto-push script started
[2026-03-27 03:10:29] No changes detected in EPG combined XML file
[2026-03-27 03:10:29] Auto-push script completed
[2026-03-27 03:11:29] Auto-push script started
[2026-03-27 03:11:29] File hash changed: 98801814b03428107126996163a7886e -> 4257e3af9e47584b4912d4193da926fe
[2026-03-27 03:11:29] File changed, starting auto-push process...
[2026-03-27 03:11:29] File added to git staging area
[2026-03-27 03:11:29] ERROR: Failed to commit changes
[2026-03-27 03:11:29] Auto-push script completed
[2026-03-27 03:12:29] Auto-push script started
[2026-03-27 03:12:29] No changes detected in EPG combined XML file
[2026-03-27 03:12:29] Auto-push script completed
[2026-03-27 03:13:29] Auto-push script started
[2026-03-27 03:13:29] No changes detected in EPG combined XML file
[2026-03-27 03:13:29] Auto-push script completed
[2026-03-27 03:14:29] Auto-push script started
[2026-03-27 03:14:29] File hash changed: 4257e3af9e47584b4912d4193da926fe -> 98801814b03428107126996163a7886e
[2026-03-27 03:14:29] File changed, starting auto-push process...
[2026-03-27 03:14:29] File added to git staging area
[2026-03-27 03:14:29] ERROR: Failed to commit changes
[2026-03-27 03:14:29] Auto-push script completed
[2026-03-27 03:15:29] Auto-push script started
[2026-03-27 03:15:29] No changes detected in EPG combined XML file
[2026-03-27 03:15:29] Auto-push script completed
[2026-03-27 03:16:29] Auto-push script started
[2026-03-27 03:16:29] No changes detected in EPG combined XML file
[2026-03-27 03:16:29] Auto-push script completed
[2026-03-27 03:17:29] Auto-push script started
[2026-03-27 03:17:29] File hash changed: 98801814b03428107126996163a7886e -> b87ee0eb001cae8af7d7bf69d2885d4f
[2026-03-27 03:17:29] File changed, starting auto-push process...
[2026-03-27 03:17:29] File added to git staging area
[2026-03-27 03:17:29] ERROR: Failed to commit changes
[2026-03-27 03:17:29] Auto-push script completed
[2026-03-27 03:18:29] Auto-push script started
[2026-03-27 03:18:29] No changes detected in EPG combined XML file
[2026-03-27 03:18:29] Auto-push script completed
[2026-03-27 03:19:30] Auto-push script started
[2026-03-27 03:19:30] File hash changed: b87ee0eb001cae8af7d7bf69d2885d4f -> 98801814b03428107126996163a7886e
[2026-03-27 03:19:30] File changed, starting auto-push process...
[2026-03-27 03:19:30] File added to git staging area
[2026-03-27 03:19:30] ERROR: Failed to commit changes
[2026-03-27 03:19:30] Auto-push script completed
[2026-03-27 03:20:30] Auto-push script started
[2026-03-27 03:20:30] No changes detected in EPG combined XML file
[2026-03-27 03:20:30] Auto-push script completed
[2026-03-27 03:21:30] Auto-push script started
[2026-03-27 03:21:30] No changes detected in EPG combined XML file
[2026-03-27 03:21:30] Auto-push script completed
[2026-03-27 03:22:30] Auto-push script started
[2026-03-27 03:22:30] No changes detected in EPG combined XML file
[2026-03-27 03:22:30] Auto-push script completed
[2026-03-27 03:23:30] Auto-push script started
[2026-03-27 03:23:30] No changes detected in EPG combined XML file
[2026-03-27 03:23:30] Auto-push script completed
[2026-03-27 03:24:30] Auto-push script started
[2026-03-27 03:24:30] No changes detected in EPG combined XML file
[2026-03-27 03:24:30] Auto-push script completed
[2026-03-27 03:25:30] Auto-push script started
[2026-03-27 03:25:30] No changes detected in EPG combined XML file
[2026-03-27 03:25:30] Auto-push script completed
[2026-03-27 03:26:30] Auto-push script started
[2026-03-27 03:26:30] No changes detected in EPG combined XML file
[2026-03-27 03:26:30] Auto-push script completed
[2026-03-27 03:27:30] Auto-push script started
[2026-03-27 03:27:30] No changes detected in EPG combined XML file
[2026-03-27 03:27:30] Auto-push script completed
[2026-03-27 03:28:30] Auto-push script started
[2026-03-27 03:28:30] No changes detected in EPG combined XML file
[2026-03-27 03:28:30] Auto-push script completed
[2026-03-27 03:29:30] Auto-push script started
[2026-03-27 03:29:30] No changes detected in EPG combined XML file
[2026-03-27 03:29:30] Auto-push script completed
[2026-03-27 03:30:30] Auto-push script started
[2026-03-27 03:30:30] No changes detected in EPG combined XML file
[2026-03-27 03:30:30] Auto-push script completed
[2026-03-27 03:31:30] Auto-push script started
[2026-03-27 03:31:30] No changes detected in EPG combined XML file
[2026-03-27 03:31:30] Auto-push script completed
[2026-03-27 03:32:31] Auto-push script started
[2026-03-27 03:32:31] No changes detected in EPG combined XML file
[2026-03-27 03:32:31] Auto-push script completed
[2026-03-27 03:33:31] Auto-push script started
[2026-03-27 03:33:31] No changes detected in EPG combined XML file
[2026-03-27 03:33:31] Auto-push script completed
[2026-03-27 03:34:31] Auto-push script started
[2026-03-27 03:34:31] No changes detected in EPG combined XML file
[2026-03-27 03:34:31] Auto-push script completed
[2026-03-27 03:35:31] Auto-push script started
[2026-03-27 03:35:31] No changes detected in EPG combined XML file
[2026-03-27 03:35:31] Auto-push script completed
[2026-03-27 03:36:31] Auto-push script started
[2026-03-27 03:36:31] No changes detected in EPG combined XML file
[2026-03-27 03:36:31] Auto-push script completed
[2026-03-27 03:37:31] Auto-push script started
[2026-03-27 03:37:31] No changes detected in EPG combined XML file
[2026-03-27 03:37:31] Auto-push script completed
[2026-03-27 03:38:31] Auto-push script started
[2026-03-27 03:38:31] No changes detected in EPG combined XML file
[2026-03-27 03:38:31] Auto-push script completed
[2026-03-27 03:39:31] Auto-push script started
[2026-03-27 03:39:31] No changes detected in EPG combined XML file
[2026-03-27 03:39:31] Auto-push script completed
[2026-03-27 03:40:31] Auto-push script started
[2026-03-27 03:40:31] No changes detected in EPG combined XML file
[2026-03-27 03:40:31] Auto-push script completed
[2026-03-27 03:41:31] Auto-push script started
[2026-03-27 03:41:31] No changes detected in EPG combined XML file
[2026-03-27 03:41:31] Auto-push script completed
[2026-03-27 03:42:31] Auto-push script started
[2026-03-27 03:42:31] File hash changed: 98801814b03428107126996163a7886e -> b993cbf02bbc95ef32bca0f12f357224
[2026-03-27 03:42:31] File changed, starting auto-push process...
[2026-03-27 03:42:31] File added to git staging area
[2026-03-27 03:42:31] ERROR: Failed to commit changes
[2026-03-27 03:42:31] Auto-push script completed
[2026-03-27 03:43:31] Auto-push script started
[2026-03-27 03:43:31] No changes detected in EPG combined XML file
[2026-03-27 03:43:31] Auto-push script completed
[2026-03-27 03:44:31] Auto-push script started
[2026-03-27 03:44:31] No changes detected in EPG combined XML file
[2026-03-27 03:44:31] Auto-push script completed
[2026-03-27 03:45:31] Auto-push script started
[2026-03-27 03:45:31] File hash changed: b993cbf02bbc95ef32bca0f12f357224 -> 98801814b03428107126996163a7886e
[2026-03-27 03:45:31] File changed, starting auto-push process...
[2026-03-27 03:45:32] File added to git staging area
[2026-03-27 03:45:32] ERROR: Failed to commit changes
[2026-03-27 03:45:32] Auto-push script completed
[2026-03-27 03:46:32] Auto-push script started
[2026-03-27 03:46:32] No changes detected in EPG combined XML file
[2026-03-27 03:46:32] Auto-push script completed
[2026-03-27 03:47:32] Auto-push script started
[2026-03-27 03:47:32] No changes detected in EPG combined XML file
[2026-03-27 03:47:32] Auto-push script completed
[2026-03-27 03:48:32] Auto-push script started
[2026-03-27 03:48:32] No changes detected in EPG combined XML file
[2026-03-27 03:48:32] Auto-push script completed
[2026-03-27 03:49:32] Auto-push script started
[2026-03-27 03:49:32] No changes detected in EPG combined XML file
[2026-03-27 03:49:32] Auto-push script completed
[2026-03-27 03:50:32] Auto-push script started
[2026-03-27 03:50:32] No changes detected in EPG combined XML file
[2026-03-27 03:50:32] Auto-push script completed
[2026-03-27 03:51:32] Auto-push script started
[2026-03-27 03:51:32] No changes detected in EPG combined XML file
[2026-03-27 03:51:32] Auto-push script completed
[2026-03-27 03:52:32] Auto-push script started
[2026-03-27 03:52:32] No changes detected in EPG combined XML file
[2026-03-27 03:52:32] Auto-push script completed
[2026-03-27 03:53:32] Auto-push script started
[2026-03-27 03:53:32] No changes detected in EPG combined XML file
[2026-03-27 03:53:32] Auto-push script completed
[2026-03-27 03:54:32] Auto-push script started
[2026-03-27 03:54:32] No changes detected in EPG combined XML file
[2026-03-27 03:54:32] Auto-push script completed
[2026-03-27 03:55:32] Auto-push script started
[2026-03-27 03:55:32] No changes detected in EPG combined XML file
[2026-03-27 03:55:32] Auto-push script completed
[2026-03-27 03:56:32] Auto-push script started
[2026-03-27 03:56:32] No changes detected in EPG combined XML file
[2026-03-27 03:56:32] Auto-push script completed
[2026-03-27 03:57:32] Auto-push script started
[2026-03-27 03:57:32] No changes detected in EPG combined XML file
[2026-03-27 03:57:32] Auto-push script completed
[2026-03-27 03:58:32] Auto-push script started
[2026-03-27 03:58:32] No changes detected in EPG combined XML file
[2026-03-27 03:58:32] Auto-push script completed
[2026-03-27 03:59:32] Auto-push script started
[2026-03-27 03:59:32] No changes detected in EPG combined XML file
[2026-03-27 03:59:32] Auto-push script completed
[2026-03-27 04:00:33] Auto-push script started
[2026-03-27 04:00:33] No changes detected in EPG combined XML file
[2026-03-27 04:00:33] Auto-push script completed
[2026-03-27 04:01:33] Auto-push script started
[2026-03-27 04:01:33] No changes detected in EPG combined XML file
[2026-03-27 04:01:33] Auto-push script completed
[2026-03-27 04:02:33] Auto-push script started
[2026-03-27 04:02:33] No changes detected in EPG combined XML file
[2026-03-27 04:02:33] Auto-push script completed
[2026-03-27 04:03:33] Auto-push script started
[2026-03-27 04:03:33] No changes detected in EPG combined XML file
[2026-03-27 04:03:33] Auto-push script completed
[2026-03-27 04:04:33] Auto-push script started
[2026-03-27 04:04:33] No changes detected in EPG combined XML file
[2026-03-27 04:04:33] Auto-push script completed
[2026-03-27 04:05:33] Auto-push script started
[2026-03-27 04:05:33] No changes detected in EPG combined XML file
[2026-03-27 04:05:33] Auto-push script completed
[2026-03-27 04:06:33] Auto-push script started
[2026-03-27 04:06:33] No changes detected in EPG combined XML file
[2026-03-27 04:06:33] Auto-push script completed
[2026-03-27 04:07:33] Auto-push script started
[2026-03-27 04:07:33] No changes detected in EPG combined XML file
[2026-03-27 04:07:33] Auto-push script completed
[2026-03-27 04:08:33] Auto-push script started
[2026-03-27 04:08:33] No changes detected in EPG combined XML file
[2026-03-27 04:08:33] Auto-push script completed
[2026-03-27 04:09:33] Auto-push script started
[2026-03-27 04:09:33] No changes detected in EPG combined XML file
[2026-03-27 04:09:33] Auto-push script completed
[2026-03-27 04:10:33] Auto-push script started
[2026-03-27 04:10:33] No changes detected in EPG combined XML file
[2026-03-27 04:10:33] Auto-push script completed
[2026-03-27 04:11:33] Auto-push script started
[2026-03-27 04:11:33] No changes detected in EPG combined XML file
[2026-03-27 04:11:33] Auto-push script completed
[2026-03-27 04:12:33] Auto-push script started
[2026-03-27 04:12:33] File hash changed: 98801814b03428107126996163a7886e -> 4aca9c4c69c5211dbf35ced07cf210d8
[2026-03-27 04:12:33] File changed, starting auto-push process...
[2026-03-27 04:12:33] File added to git staging area
[2026-03-27 04:12:33] ERROR: Failed to commit changes
[2026-03-27 04:12:33] Auto-push script completed
[2026-03-27 04:13:33] Auto-push script started
[2026-03-27 04:13:33] No changes detected in EPG combined XML file
[2026-03-27 04:13:33] Auto-push script completed
[2026-03-27 05:14:53] Auto-push script started
[2026-03-27 05:14:53] No changes detected in EPG combined XML file
[2026-03-27 05:14:53] Auto-push script completed
[2026-03-27 06:15:09] Auto-push script started
[2026-03-27 06:15:09] File hash changed: 4aca9c4c69c5211dbf35ced07cf210d8 -> 98801814b03428107126996163a7886e
[2026-03-27 06:15:09] File changed, starting auto-push process...
[2026-03-27 06:15:09] File added to git staging area
[2026-03-27 06:15:09] ERROR: Failed to commit changes
[2026-03-27 06:15:09] Auto-push script completed
[2026-03-27 08:16:31] Auto-push script started
[2026-03-27 08:16:31] No changes detected in EPG combined XML file
[2026-03-27 08:16:31] Auto-push script completed
[2026-03-27 09:17:42] Auto-push script started
[2026-03-27 09:17:42] No changes detected in EPG combined XML file
[2026-03-27 09:17:42] Auto-push script completed
[2026-03-27 09:48:41] Auto-push script started
[2026-03-27 09:48:41] No changes detected in EPG combined XML file
[2026-03-27 09:48:41] Auto-push script completed
[2026-03-27 10:21:27] Auto-push script started
[2026-03-27 10:21:27] No changes detected in EPG combined XML file
[2026-03-27 10:21:27] Auto-push script completed
[2026-03-27 10:22:28] Auto-push script started
[2026-03-27 10:22:28] No changes detected in EPG combined XML file
[2026-03-27 10:22:28] Auto-push script completed
[2026-03-27 10:23:28] Auto-push script started
[2026-03-27 10:23:28] No changes detected in EPG combined XML file
[2026-03-27 10:23:28] Auto-push script completed
[2026-03-27 10:24:28] Auto-push script started
[2026-03-27 10:24:28] No changes detected in EPG combined XML file
[2026-03-27 10:24:28] Auto-push script completed
[2026-03-27 10:28:50] Auto-push script started
[2026-03-27 10:28:50] No changes detected in EPG combined XML file
[2026-03-27 10:28:50] Auto-push script completed
[2026-03-27 10:29:50] Auto-push script started
[2026-03-27 10:29:50] No changes detected in EPG combined XML file
[2026-03-27 10:29:50] Auto-push script completed
[2026-03-27 10:31:12] Auto-push script started
[2026-03-27 10:31:12] No changes detected in EPG combined XML file
[2026-03-27 10:31:12] Auto-push script completed
[2026-03-27 10:32:12] Auto-push script started
[2026-03-27 10:32:12] No changes detected in EPG combined XML file
[2026-03-27 10:32:13] Auto-push script completed
[2026-03-27 10:33:13] Auto-push script started
[2026-03-27 10:33:13] No changes detected in EPG combined XML file
[2026-03-27 10:33:13] Auto-push script completed
[2026-03-27 10:34:13] Auto-push script started
[2026-03-27 10:34:13] No changes detected in EPG combined XML file
[2026-03-27 10:34:13] Auto-push script completed
[2026-03-27 10:35:13] Auto-push script started
[2026-03-27 10:35:13] No changes detected in EPG combined XML file
[2026-03-27 10:35:13] Auto-push script completed
[2026-03-27 10:36:13] Auto-push script started
[2026-03-27 10:36:13] No changes detected in EPG combined XML file
[2026-03-27 10:36:13] Auto-push script completed
[2026-03-27 10:37:13] Auto-push script started
[2026-03-27 10:37:13] No changes detected in EPG combined XML file
[2026-03-27 10:37:13] Auto-push script completed
[2026-03-28 03:31:41] Auto-push script started
[2026-03-28 03:31:41] File hash changed: 98801814b03428107126996163a7886e -> 9b507a4ca203ee35015039c9c38da9f2
[2026-03-28 03:31:41] File changed, starting auto-push process...
[2026-03-28 03:31:41] File added to git staging area
[2026-03-28 03:31:41] Changes committed successfully
[2026-03-28 03:31:43] Changes pushed to GitHub successfully
[2026-03-28 03:31:43] Auto-push script completed
[2026-03-28 03:32:18] Auto-push script started
[2026-03-28 03:32:18] File hash changed: 9b507a4ca203ee35015039c9c38da9f2 -> 35d074d635d0b01cf43c7c2acad2ce2a
[2026-03-28 03:32:18] File changed, starting auto-push process...
[2026-03-28 03:32:18] File added to git staging area
[2026-03-28 03:32:18] Changes committed successfully
[2026-03-28 03:32:20] Changes pushed to GitHub successfully
[2026-03-28 03:32:20] Auto-push script completed
[2026-03-28 03:32:43] Auto-push script started
[2026-03-28 03:32:43] No changes detected in EPG combined XML file
[2026-03-28 03:32:43] Auto-push script completed
[2026-03-28 03:33:43] Auto-push script started
[2026-03-28 03:33:43] File hash changed: 35d074d635d0b01cf43c7c2acad2ce2a -> 6facee43a440ceae78093f8f3b122e02
[2026-03-28 03:33:43] File changed, starting auto-push process...
[2026-03-28 03:33:43] File added to git staging area
[2026-03-28 03:33:43] Changes committed successfully
[2026-03-28 03:33:45] Changes pushed to GitHub successfully
[2026-03-28 03:33:45] Auto-push script completed
[2026-03-28 03:34:45] Auto-push script started
[2026-03-28 03:34:45] File hash changed: 6facee43a440ceae78093f8f3b122e02 -> def25113dcb79129cbd6841bcecae8d8
[2026-03-28 03:34:45] File changed, starting auto-push process...
[2026-03-28 03:34:45] File added to git staging area
[2026-03-28 03:34:45] Changes committed successfully
[2026-03-28 03:34:47] Changes pushed to GitHub successfully
[2026-03-28 03:34:47] Auto-push script completed
[2026-03-28 03:35:47] Auto-push script started
[2026-03-28 03:35:47] File hash changed: def25113dcb79129cbd6841bcecae8d8 -> 6f82b271c6e3205616f9740d58ce0111
[2026-03-28 03:35:47] File changed, starting auto-push process...
[2026-03-28 03:35:47] File added to git staging area
[2026-03-28 03:35:47] Changes committed successfully
[2026-03-28 03:35:49] Changes pushed to GitHub successfully
[2026-03-28 03:35:49] Auto-push script completed
[2026-03-28 03:36:49] Auto-push script started
[2026-03-28 03:36:49] File hash changed: 6f82b271c6e3205616f9740d58ce0111 -> 6ada95667b5c69b70b3ed8aa6181b138
[2026-03-28 03:36:49] File changed, starting auto-push process...
[2026-03-28 03:36:49] File added to git staging area
[2026-03-28 03:36:49] Changes committed successfully
[2026-03-28 03:36:50] Changes pushed to GitHub successfully
[2026-03-28 03:36:50] Auto-push script completed
[2026-03-28 03:37:50] Auto-push script started
[2026-03-28 03:37:50] File hash changed: 6ada95667b5c69b70b3ed8aa6181b138 -> 78b91d30d76401f058dd35cb065b29ec
[2026-03-28 03:37:50] File changed, starting auto-push process...
[2026-03-28 03:37:50] File added to git staging area
[2026-03-28 03:37:50] Changes committed successfully
[2026-03-28 03:37:52] Changes pushed to GitHub successfully
[2026-03-28 03:37:52] Auto-push script completed
[2026-03-28 03:38:52] Auto-push script started
[2026-03-28 03:38:52] File hash changed: 78b91d30d76401f058dd35cb065b29ec -> 2d15fef7dd75ac0534245f5d06475ed1
[2026-03-28 03:38:52] File changed, starting auto-push process...
[2026-03-28 03:38:52] File added to git staging area
[2026-03-28 03:38:52] Changes committed successfully
[2026-03-28 03:38:54] Changes pushed to GitHub successfully
[2026-03-28 03:38:54] Auto-push script completed
[2026-03-28 03:39:54] Auto-push script started
[2026-03-28 03:39:54] File hash changed: 2d15fef7dd75ac0534245f5d06475ed1 -> e94087224254ca2b91fc5ae5669f9531
[2026-03-28 03:39:54] File changed, starting auto-push process...
[2026-03-28 03:39:54] File added to git staging area
[2026-03-28 03:39:54] Changes committed successfully
[2026-03-28 03:39:56] Changes pushed to GitHub successfully
[2026-03-28 03:39:56] Auto-push script completed
[2026-03-28 03:40:22] Auto-push script started
[2026-03-28 03:40:22] File hash changed: e94087224254ca2b91fc5ae5669f9531 -> e405c3f7119d412ee07c7d38ea301a8c
[2026-03-28 03:40:22] File changed, starting auto-push process...
[2026-03-28 03:40:22] File added to git staging area
[2026-03-28 03:40:22] Changes committed successfully
[2026-03-28 03:40:23] ERROR: Failed to push to GitHub
[2026-03-28 03:40:23] Auto-push script completed
[2026-03-28 03:40:56] Auto-push script started
[2026-03-28 03:40:56] No changes detected in EPG combined XML file
[2026-03-28 03:40:56] Auto-push script completed
[2026-03-28 03:41:56] Auto-push script started
[2026-03-28 03:41:56] File hash changed: e405c3f7119d412ee07c7d38ea301a8c -> d7e7daf399f06ce3255583b7f8c37c2e
[2026-03-28 03:41:56] File changed, starting auto-push process...
[2026-03-28 03:41:56] File added to git staging area
[2026-03-28 03:41:56] Changes committed successfully
[2026-03-28 03:41:58] Changes pushed to GitHub successfully
[2026-03-28 03:41:58] Auto-push script completed
[2026-03-28 03:42:58] Auto-push script started
[2026-03-28 03:42:58] File hash changed: d7e7daf399f06ce3255583b7f8c37c2e -> f5df2e43d1c93f1f019eebd5d1c1468a
[2026-03-28 03:42:58] File changed, starting auto-push process...
[2026-03-28 03:42:59] File added to git staging area
[2026-03-28 03:42:59] Changes committed successfully
[2026-03-28 03:43:00] Changes pushed to GitHub successfully
[2026-03-28 03:43:00] Auto-push script completed
[2026-03-28 03:44:00] Auto-push script started
[2026-03-28 03:44:00] File hash changed: f5df2e43d1c93f1f019eebd5d1c1468a -> f98c3db88a15613687f4627ebffa6c33
[2026-03-28 03:44:00] File changed, starting auto-push process...
[2026-03-28 03:44:00] File added to git staging area
[2026-03-28 03:44:00] Changes committed successfully
[2026-03-28 03:44:02] Changes pushed to GitHub successfully
[2026-03-28 03:44:02] Auto-push script completed
[2026-03-28 03:45:02] Auto-push script started
[2026-03-28 03:45:02] File hash changed: f98c3db88a15613687f4627ebffa6c33 -> c098a2d63113068f682304e4045d95a2
[2026-03-28 03:45:02] File changed, starting auto-push process...
[2026-03-28 03:45:02] File added to git staging area
[2026-03-28 03:45:02] Changes committed successfully
[2026-03-28 03:45:04] Changes pushed to GitHub successfully
[2026-03-28 03:45:04] Auto-push script completed
[2026-03-28 03:46:04] Auto-push script started
[2026-03-28 03:46:04] File hash changed: c098a2d63113068f682304e4045d95a2 -> dc03fccafe03babe4b40183b40e38f4f
[2026-03-28 03:46:04] File changed, starting auto-push process...
[2026-03-28 03:46:04] File added to git staging area
[2026-03-28 03:46:04] Changes committed successfully
[2026-03-28 03:46:06] Changes pushed to GitHub successfully
[2026-03-28 03:46:06] Auto-push script completed
[2026-03-28 03:47:06] Auto-push script started
[2026-03-28 03:47:06] No changes detected in EPG combined XML file
[2026-03-28 03:47:06] Auto-push script completed
[2026-03-28 03:48:06] Auto-push script started
[2026-03-28 03:48:06] File hash changed: dc03fccafe03babe4b40183b40e38f4f -> a45574b9550ef01a0635ff1ca4d25a58
[2026-03-28 03:48:06] File changed, starting auto-push process...
[2026-03-28 03:48:06] File added to git staging area
[2026-03-28 03:48:06] Changes committed successfully
[2026-03-28 03:48:08] Changes pushed to GitHub successfully
[2026-03-28 03:48:08] Auto-push script completed
[2026-03-28 03:49:08] Auto-push script started
[2026-03-28 03:49:08] File hash changed: a45574b9550ef01a0635ff1ca4d25a58 -> fb14958c2cf3c9a9b25190b239a9c36a
[2026-03-28 03:49:08] File changed, starting auto-push process...
[2026-03-28 03:49:08] File added to git staging area
[2026-03-28 03:49:08] Changes committed successfully
[2026-03-28 03:49:09] Changes pushed to GitHub successfully
[2026-03-28 03:49:09] Auto-push script completed
[2026-03-28 03:50:09] Auto-push script started
[2026-03-28 03:50:09] File hash changed: fb14958c2cf3c9a9b25190b239a9c36a -> 029c38849a9a3e246510ea05d3c60534
[2026-03-28 03:50:09] File changed, starting auto-push process...
[2026-03-28 03:50:09] File added to git staging area
[2026-03-28 03:50:10] Changes committed successfully
[2026-03-28 03:50:11] Changes pushed to GitHub successfully
[2026-03-28 03:50:11] Auto-push script completed
[2026-03-28 03:51:11] Auto-push script started
[2026-03-28 03:51:11] File hash changed: 029c38849a9a3e246510ea05d3c60534 -> daf0f26557728a7bb1e3551c4732d064
[2026-03-28 03:51:11] File changed, starting auto-push process...
[2026-03-28 03:51:11] File added to git staging area
[2026-03-28 03:51:11] Changes committed successfully
[2026-03-28 03:51:13] Changes pushed to GitHub successfully
[2026-03-28 03:51:13] Auto-push script completed
[2026-03-28 03:52:13] Auto-push script started
[2026-03-28 03:52:13] File hash changed: daf0f26557728a7bb1e3551c4732d064 -> 20b811dbbdb3bae7830b029a13574516
[2026-03-28 03:52:13] File changed, starting auto-push process...
[2026-03-28 03:52:13] File added to git staging area
[2026-03-28 03:52:13] Changes committed successfully
[2026-03-28 03:52:15] Changes pushed to GitHub successfully
[2026-03-28 03:52:15] Auto-push script completed
[2026-03-28 03:53:15] Auto-push script started
[2026-03-28 03:53:15] File hash changed: 20b811dbbdb3bae7830b029a13574516 -> f34f3bdcc87154a20d7879633698ad1a
[2026-03-28 03:53:15] File changed, starting auto-push process...
[2026-03-28 03:53:15] File added to git staging area
[2026-03-28 03:53:15] Changes committed successfully
[2026-03-28 03:53:16] Changes pushed to GitHub successfully
[2026-03-28 03:53:16] Auto-push script completed
[2026-03-28 03:54:16] Auto-push script started
[2026-03-28 03:54:16] No changes detected in EPG combined XML file
[2026-03-28 03:54:16] Auto-push script completed
[2026-03-28 03:55:16] Auto-push script started
[2026-03-28 03:55:17] File hash changed: f34f3bdcc87154a20d7879633698ad1a -> a80dc6255eca3cad4bafd2dec6155b54
[2026-03-28 03:55:17] File changed, starting auto-push process...
[2026-03-28 03:55:17] File added to git staging area
[2026-03-28 03:55:17] Changes committed successfully
[2026-03-28 03:55:18] Changes pushed to GitHub successfully
[2026-03-28 03:55:18] Auto-push script completed
[2026-03-28 03:56:18] Auto-push script started
[2026-03-28 03:56:18] File hash changed: a80dc6255eca3cad4bafd2dec6155b54 -> 2a6e232b7fab071da2d88ec0402787f2
[2026-03-28 03:56:18] File changed, starting auto-push process...
[2026-03-28 03:56:18] File added to git staging area
[2026-03-28 03:56:18] Changes committed successfully
[2026-03-28 03:56:20] ERROR: Failed to push to GitHub
[2026-03-28 03:56:20] Auto-push script completed
[2026-03-28 03:57:20] Auto-push script started
[2026-03-28 03:57:20] No changes detected in EPG combined XML file
[2026-03-28 03:57:20] Auto-push script completed
[2026-03-28 03:58:20] Auto-push script started
[2026-03-28 03:58:20] No changes detected in EPG combined XML file
[2026-03-28 03:58:20] Auto-push script completed
