Fri Mar 27 19:08:01 PKT 2026: Starting TV3 EPG refresh...
Fri Mar 27 19:08:01 PKT 2026: Running TV3 multi-XML processor...
/Users/ah/Library/Python/3.9/lib/python/site-packages/urllib3/__init__.py:35: NotOpenSSLWarning: urllib3 v2 only supports OpenSSL 1.1.1+, currently the 'ssl' module is compiled with 'LibreSSL 2.8.3'. See: https://github.com/urllib3/urllib3/issues/3020
  warnings.warn(
2026-03-27 19:08:01,461 - INFO - Loaded 16 XML sources from config
2026-03-27 19:08:01,461 - INFO - Fetching XML from: https://epg.pw/api/epg.xml?channel_id=470602
2026-03-27 19:08:01,969 - INFO - Extracted 40 programs for channel 470602
2026-03-27 19:08:01,970 - INFO - Fetching XML from: https://epg.pw/api/epg.xml?channel_id=454797
2026-03-27 19:08:02,471 - INFO - Extracted 35 programs for channel 454797
2026-03-27 19:08:02,471 - INFO - Fetching XML from: https://epg.pw/api/epg.xml?channel_id=454799
2026-03-27 19:08:02,978 - INFO - Extracted 52 programs for channel 454799
2026-03-27 19:08:02,978 - INFO - Fetching XML from: https://epg.pw/api/epg.xml?channel_id=486857
2026-03-27 19:08:03,521 - INFO - Extracted 63 programs for channel 486857
2026-03-27 19:08:03,522 - INFO - Fetching XML from: https://epg.pw/api/epg.xml?channel_id=465012
2026-03-27 19:08:04,044 - INFO - Extracted 57 programs for channel 465012
2026-03-27 19:08:04,045 - INFO - Fetching XML from: https://epg.pw/api/epg.xml?channel_id=9410
2026-03-27 19:08:04,558 - INFO - Extracted 48 programs for channel 9410
2026-03-27 19:08:04,559 - INFO - Fetching XML from: https://epg.pw/api/epg.xml?channel_id=470651
2026-03-27 19:08:05,108 - INFO - Extracted 70 programs for channel 470651
2026-03-27 19:08:05,108 - INFO - Fetching XML from: https://epg.pw/api/epg.xml?channel_id=464992
2026-03-27 19:08:05,636 - INFO - Extracted 70 programs for channel 464992
2026-03-27 19:08:05,636 - INFO - Fetching XML from: https://epg.pw/api/epg.xml?channel_id=467161
2026-03-27 19:08:06,160 - INFO - Extracted 61 programs for channel 467161
2026-03-27 19:08:06,160 - INFO - Fetching XML from: https://epg.pw/api/epg.xml?channel_id=467472
2026-03-27 19:08:06,662 - INFO - Extracted 57 programs for channel 467472
2026-03-27 19:08:06,663 - INFO - Fetching XML from: https://epg.pw/api/epg.xml?channel_id=467679
2026-03-27 19:08:07,206 - INFO - Extracted 53 programs for channel 467679
2026-03-27 19:08:07,206 - INFO - Fetching XML from: https://epg.pw/api/epg.xml?channel_id=486777
2026-03-27 19:08:26,755 - INFO - Extracted 52 programs for channel 486777
2026-03-27 19:08:26,756 - INFO - Fetching XML from: https://epg.pw/api/epg.xml?channel_id=3357
2026-03-27 19:08:27,268 - INFO - Extracted 47 programs for channel 3357
2026-03-27 19:08:27,269 - INFO - Fetching XML from: https://epg.pw/api/epg.xml?channel_id=3269
2026-03-27 19:08:27,789 - INFO - Extracted 94 programs for channel 3269
2026-03-27 19:08:27,789 - INFO - Fetching XML from: https://epg.pw/api/epg.xml?channel_id=486671
2026-03-27 19:08:28,339 - INFO - Extracted 45 programs for channel 486671
2026-03-27 19:08:28,339 - INFO - Fetching XML from: https://epg.pw/api/epg.xml?channel_id=465071
2026-03-27 19:08:28,888 - INFO - Extracted 83 programs for channel 465071
2026-03-27 19:08:28,888 - INFO - Successfully processed 16/16 sources
2026-03-27 19:08:28,955 - INFO - Combined EPG XML saved to: /Users/ah/CascadeProjects/windsurf-project/final_multi_system/TV3/TV3 config_txt/../TV3Github/TV3_epg.xml
2026-03-27 19:08:28,955 - INFO - Total channels: 16
2026-03-27 19:08:28,955 - INFO - Total programs: 927
Fri Mar 27 19:08:28 PKT 2026: TV3 EPG refresh completed successfully
Fri Mar 27 19:08:28 PKT 2026: Output saved to: /Users/ah/CascadeProjects/windsurf-project/final_multi_system/TV3/TV3 config_txt/../TV3Github/TV3_epg.xml
Fri Mar 27 19:08:28 PKT 2026: Output file size: 324K
Fri Mar 27 19:08:28 PKT 2026: TV3 refresh process finished
Sat Mar 28 11:46:52 PKT 2026: Starting TV4 EPG refresh...
Sat Mar 28 11:46:52 PKT 2026: Running TV4 multi-XML processor...
/Users/ah/Library/Python/3.9/lib/python/site-packages/urllib3/__init__.py:35: NotOpenSSLWarning: urllib3 v2 only supports OpenSSL 1.1.1+, currently the 'ssl' module is compiled with 'LibreSSL 2.8.3'. See: https://github.com/urllib3/urllib3/issues/3020
  warnings.warn(
2026-03-28 11:46:52,482 - INFO - Loaded 16 XML sources from config
2026-03-28 11:46:52,482 - INFO - Fetching XML from: https://epg.pw/api/epg.xml?channel_id=470602
2026-03-28 11:46:53,027 - INFO - Extracted 37 programs for channel 470602
2026-03-28 11:46:53,027 - INFO - Fetching XML from: https://epg.pw/api/epg.xml?channel_id=454797
2026-03-28 11:46:53,623 - INFO - Extracted 31 programs for channel 454797
2026-03-28 11:46:53,624 - INFO - Fetching XML from: https://epg.pw/api/epg.xml?channel_id=454799
2026-03-28 11:46:54,160 - INFO - Extracted 49 programs for channel 454799
2026-03-28 11:46:54,161 - INFO - Fetching XML from: https://epg.pw/api/epg.xml?channel_id=486857
2026-03-28 11:46:55,626 - INFO - Extracted 57 programs for channel 486857
2026-03-28 11:46:55,626 - INFO - Fetching XML from: https://epg.pw/api/epg.xml?channel_id=465012
2026-03-28 11:46:56,163 - INFO - Extracted 55 programs for channel 465012
2026-03-28 11:46:56,164 - INFO - Fetching XML from: https://epg.pw/api/epg.xml?channel_id=9410
2026-03-28 11:46:56,863 - INFO - Extracted 42 programs for channel 9410
2026-03-28 11:46:56,863 - INFO - Fetching XML from: https://epg.pw/api/epg.xml?channel_id=470651
2026-03-28 11:46:57,384 - INFO - Extracted 68 programs for channel 470651
2026-03-28 11:46:57,385 - INFO - Fetching XML from: https://epg.pw/api/epg.xml?channel_id=464992
2026-03-28 11:46:57,911 - INFO - Extracted 68 programs for channel 464992
2026-03-28 11:46:57,911 - INFO - Fetching XML from: https://epg.pw/api/epg.xml?channel_id=467161
2026-03-28 11:46:58,452 - INFO - Extracted 57 programs for channel 467161
2026-03-28 11:46:58,452 - INFO - Fetching XML from: https://epg.pw/api/epg.xml?channel_id=467472
2026-03-28 11:46:59,004 - INFO - Extracted 53 programs for channel 467472
2026-03-28 11:46:59,004 - INFO - Fetching XML from: https://epg.pw/api/epg.xml?channel_id=467679
2026-03-28 11:46:59,564 - INFO - Extracted 50 programs for channel 467679
2026-03-28 11:46:59,564 - INFO - Fetching XML from: https://epg.pw/api/epg.xml?channel_id=486777
2026-03-28 11:47:00,162 - INFO - Extracted 50 programs for channel 486777
2026-03-28 11:47:00,162 - INFO - Fetching XML from: https://epg.pw/api/epg.xml?channel_id=3357
2026-03-28 11:47:00,721 - INFO - Extracted 47 programs for channel 3357
2026-03-28 11:47:00,721 - INFO - Fetching XML from: https://epg.pw/api/epg.xml?channel_id=3269
2026-03-28 11:47:01,277 - INFO - Extracted 100 programs for channel 3269
2026-03-28 11:47:01,277 - INFO - Fetching XML from: https://epg.pw/api/epg.xml?channel_id=486671
2026-03-28 11:47:01,837 - INFO - Extracted 43 programs for channel 486671
2026-03-28 11:47:01,838 - INFO - Fetching XML from: https://epg.pw/api/epg.xml?channel_id=465071
2026-03-28 11:47:02,376 - INFO - Extracted 83 programs for channel 465071
2026-03-28 11:47:02,377 - INFO - Successfully processed 16/16 sources
2026-03-28 11:47:02,451 - INFO - Combined EPG XML saved to: /Users/ah/CascadeProjects/windsurf-project/final_multi_system/TV4/TV4 config_txt/../TV4 Github/TV4_epg.xml
2026-03-28 11:47:02,451 - INFO - Total channels: 16
2026-03-28 11:47:02,451 - INFO - Total programs: 890
Sat Mar 28 11:47:02 PKT 2026: TV4 EPG refresh completed successfully
Sat Mar 28 11:47:02 PKT 2026: Output saved to: /Users/ah/CascadeProjects/windsurf-project/final_multi_system/TV4/TV4 config_txt/../TV4 Github/TV4_epg.xml
Sat Mar 28 11:47:02 PKT 2026: Output file size: 312K
Sat Mar 28 11:47:02 PKT 2026: TV4 refresh process finished
