[2026-03-27 01:58:27] Auto-push script started
[2026-03-27 01:58:27] File changed, starting auto-push process...
[2026-03-27 01:58:27] File added to git staging area
[2026-03-27 01:58:27] WARNING: No changes to commit or commit failed
[2026-03-27 01:58:27] Auto-push script completed
[2026-03-27 01:59:27] Auto-push script started
[2026-03-27 01:59:27] File changed, starting auto-push process...
[2026-03-27 01:59:27] File added to git staging area
[2026-03-27 01:59:27] WARNING: No changes to commit or commit failed
[2026-03-27 01:59:27] Auto-push script completed
[2026-03-27 02:00:27] Auto-push script started
[2026-03-27 02:00:27] File changed, starting auto-push process...
[2026-03-27 02:00:27] File added to git staging area
[2026-03-27 02:00:27] WARNING: No changes to commit or commit failed
[2026-03-27 02:00:27] Auto-push script completed
[2026-03-27 02:01:27] Auto-push script started
[2026-03-27 02:01:27] File changed, starting auto-push process...
[2026-03-27 02:01:27] File added to git staging area
[2026-03-27 02:01:27] WARNING: No changes to commit or commit failed
[2026-03-27 02:01:27] Auto-push script completed
[2026-03-27 02:02:27] Auto-push script started
[2026-03-27 02:02:27] File changed, starting auto-push process...
[2026-03-27 02:02:27] File added to git staging area
[2026-03-27 02:02:27] WARNING: No changes to commit or commit failed
[2026-03-27 02:02:27] Auto-push script completed
[2026-03-27 02:03:27] Auto-push script started
[2026-03-27 02:03:27] File changed, starting auto-push process...
[2026-03-27 02:03:27] File added to git staging area
[2026-03-27 02:03:27] WARNING: No changes to commit or commit failed
[2026-03-27 02:03:27] Auto-push script completed
[2026-03-27 02:04:27] Auto-push script started
[2026-03-27 02:04:27] File changed, starting auto-push process...
[2026-03-27 02:04:27] File added to git staging area
[2026-03-27 02:04:27] WARNING: No changes to commit or commit failed
[2026-03-27 02:04:27] Auto-push script completed
[2026-03-27 02:05:27] Auto-push script started
[2026-03-27 02:05:27] File changed, starting auto-push process...
[2026-03-27 02:05:28] File added to git staging area
[2026-03-27 02:05:28] WARNING: No changes to commit or commit failed
[2026-03-27 02:05:28] Auto-push script completed
[2026-03-27 02:06:28] Auto-push script started
[2026-03-27 02:06:28] File changed, starting auto-push process...
[2026-03-27 02:06:28] File added to git staging area
[2026-03-27 02:06:28] WARNING: No changes to commit or commit failed
[2026-03-27 02:06:28] Auto-push script completed
[2026-03-27 02:07:28] Auto-push script started
[2026-03-27 02:07:28] File changed, starting auto-push process...
[2026-03-27 02:07:28] File added to git staging area
[2026-03-27 02:07:28] WARNING: No changes to commit or commit failed
[2026-03-27 02:07:28] Auto-push script completed
[2026-03-27 02:08:28] Auto-push script started
[2026-03-27 02:08:28] File changed, starting auto-push process...
[2026-03-27 02:08:28] File added to git staging area
[2026-03-27 02:08:28] WARNING: No changes to commit or commit failed
[2026-03-27 02:08:28] Auto-push script completed
[2026-03-27 02:09:28] Auto-push script started
[2026-03-27 02:09:28] File changed, starting auto-push process...
[2026-03-27 02:09:28] File added to git staging area
[2026-03-27 02:09:28] WARNING: No changes to commit or commit failed
[2026-03-27 02:09:28] Auto-push script completed
[2026-03-27 02:10:28] Auto-push script started
[2026-03-27 02:10:28] File changed, starting auto-push process...
[2026-03-27 02:10:28] File added to git staging area
[2026-03-27 02:10:28] WARNING: No changes to commit or commit failed
[2026-03-27 02:10:28] Auto-push script completed
[2026-03-27 02:11:28] Auto-push script started
[2026-03-27 02:11:28] File changed, starting auto-push process...
[2026-03-27 02:11:28] File added to git staging area
[2026-03-27 02:11:28] WARNING: No changes to commit or commit failed
[2026-03-27 02:11:28] Auto-push script completed
[2026-03-27 02:12:28] Auto-push script started
[2026-03-27 02:12:28] File changed, starting auto-push process...
[2026-03-27 02:12:28] File added to git staging area
[2026-03-27 02:12:28] WARNING: No changes to commit or commit failed
[2026-03-27 02:12:28] Auto-push script completed
[2026-03-27 02:12:52] Auto-push script started
[2026-03-27 02:12:52] File changed, starting auto-push process...
[2026-03-27 02:12:52] File added to git staging area
[2026-03-27 02:12:52] No actual changes detected in staged files
[2026-03-27 02:12:52] Auto-push script completed
[2026-03-27 02:13:06] Auto-push script started
[2026-03-27 02:13:06] No changes detected in EPG combined XML file
[2026-03-27 02:13:06] Auto-push script completed
[2026-03-27 02:13:52] Auto-push script started
[2026-03-27 02:13:52] No changes detected in EPG combined XML file
[2026-03-27 02:13:52] Auto-push script completed
[2026-03-27 02:14:52] Auto-push script started
[2026-03-27 02:14:52] No changes detected in EPG combined XML file
[2026-03-27 02:14:52] Auto-push script completed
[2026-03-27 02:15:52] Auto-push script started
[2026-03-27 02:15:52] No changes detected in EPG combined XML file
[2026-03-27 02:15:52] Auto-push script completed
[2026-03-27 02:16:53] Auto-push script started
[2026-03-27 02:16:53] No changes detected in EPG combined XML file
[2026-03-27 02:16:53] Auto-push script completed
[2026-03-27 02:17:53] Auto-push script started
[2026-03-27 02:17:53] No changes detected in EPG combined XML file
[2026-03-27 02:17:53] Auto-push script completed
[2026-03-27 02:18:53] Auto-push script started
[2026-03-27 02:18:53] No changes detected in EPG combined XML file
[2026-03-27 02:18:53] Auto-push script completed
[2026-03-27 02:19:53] Auto-push script started
[2026-03-27 02:19:53] File hash changed: 3f243395a56bfe30852b1875b0bd1f96 -> 443d2e0669bc7d0a42d5cc1789af8299
[2026-03-27 02:19:53] File changed, starting auto-push process...
[2026-03-27 02:19:53] File added to git staging area
[2026-03-27 02:19:53] ERROR: Failed to commit changes
[2026-03-27 02:19:53] Auto-push script completed
[2026-03-27 02:20:53] Auto-push script started
[2026-03-27 02:20:53] No changes detected in EPG combined XML file
[2026-03-27 02:20:53] Auto-push script completed
[2026-03-27 02:21:53] Auto-push script started
[2026-03-27 02:21:53] No changes detected in EPG combined XML file
[2026-03-27 02:21:53] Auto-push script completed
[2026-03-27 02:22:53] Auto-push script started
[2026-03-27 02:22:53] No changes detected in EPG combined XML file
[2026-03-27 02:22:53] Auto-push script completed
[2026-03-27 02:23:53] Auto-push script started
[2026-03-27 02:23:53] No changes detected in EPG combined XML file
[2026-03-27 02:23:53] Auto-push script completed
[2026-03-27 02:24:53] Auto-push script started
[2026-03-27 02:24:53] File hash changed: 443d2e0669bc7d0a42d5cc1789af8299 -> 3f243395a56bfe30852b1875b0bd1f96
[2026-03-27 02:24:53] File changed, starting auto-push process...
[2026-03-27 02:24:53] File added to git staging area
[2026-03-27 02:24:53] No actual changes detected in staged files
[2026-03-27 02:24:53] Auto-push script completed
[2026-03-27 02:25:53] Auto-push script started
[2026-03-27 02:25:53] No changes detected in EPG combined XML file
[2026-03-27 02:25:53] Auto-push script completed
