Thu Mar 26 17:58:58 PKT 2026: Auto-refresh started
Thu Mar 26 19:26:54 PKT 2026: Auto-refresh started
Thu Mar 26 21:04:49 PKT 2026: Running scheduled refresh...
Updating dates in multi_xml_config.txt to 20260326
Created backup: ../add_backup/multi_xml_config.txt.backup
Updated date parameters to 20260326
Done!
Thu Mar 26 21:11:52 PKT 2026: Auto-refresh stopped
Thu Mar 26 21:11:52 PKT 2026: Auto-refresh started
Thu Mar 26 21:12:02 PKT 2026: Auto-refresh started
Thu Mar 26 21:12:13 PKT 2026: Auto-refresh started
Thu Mar 26 21:12:23 PKT 2026: Auto-refresh started
Thu Mar 26 21:12:33 PKT 2026: Auto-refresh started
Thu Mar 26 21:12:43 PKT 2026: Auto-refresh started
Thu Mar 26 21:12:53 PKT 2026: Auto-refresh started
Thu Mar 26 21:13:03 PKT 2026: Auto-refresh started
Thu Mar 26 21:13:13 PKT 2026: Auto-refresh started
Thu Mar 26 21:13:23 PKT 2026: Auto-refresh started
Thu Mar 26 21:13:33 PKT 2026: Auto-refresh started
Thu Mar 26 21:13:43 PKT 2026: Auto-refresh started
Thu Mar 26 21:13:53 PKT 2026: Auto-refresh started
Thu Mar 26 21:14:03 PKT 2026: Auto-refresh started
Thu Mar 26 21:14:13 PKT 2026: Auto-refresh started
Thu Mar 26 21:14:23 PKT 2026: Auto-refresh started
Thu Mar 26 21:14:33 PKT 2026: Auto-refresh started
Thu Mar 26 21:14:43 PKT 2026: Auto-refresh started
Thu Mar 26 21:14:54 PKT 2026: Auto-refresh started
Thu Mar 26 21:15:04 PKT 2026: Auto-refresh started
Thu Mar 26 21:15:14 PKT 2026: Auto-refresh started
Thu Mar 26 21:15:24 PKT 2026: Auto-refresh started
Thu Mar 26 21:15:34 PKT 2026: Auto-refresh started
Thu Mar 26 21:15:44 PKT 2026: Auto-refresh started
Thu Mar 26 21:15:54 PKT 2026: Auto-refresh started
Thu Mar 26 21:16:04 PKT 2026: Auto-refresh started
Thu Mar 26 21:16:14 PKT 2026: Auto-refresh started
Thu Mar 26 21:16:24 PKT 2026: Auto-refresh started
Thu Mar 26 21:16:34 PKT 2026: Auto-refresh started
Thu Mar 26 21:16:44 PKT 2026: Auto-refresh started
Thu Mar 26 21:16:54 PKT 2026: Auto-refresh started
Thu Mar 26 21:17:04 PKT 2026: Auto-refresh started
Thu Mar 26 21:17:14 PKT 2026: Auto-refresh started
Thu Mar 26 21:17:24 PKT 2026: Auto-refresh started
Thu Mar 26 21:17:35 PKT 2026: Auto-refresh started
Thu Mar 26 21:17:45 PKT 2026: Auto-refresh started
Thu Mar 26 21:17:55 PKT 2026: Auto-refresh started
Thu Mar 26 21:18:05 PKT 2026: Auto-refresh started
Thu Mar 26 21:18:15 PKT 2026: Auto-refresh started
Thu Mar 26 21:18:25 PKT 2026: Auto-refresh started
Thu Mar 26 21:18:35 PKT 2026: Auto-refresh started
Thu Mar 26 21:18:45 PKT 2026: Auto-refresh started
Thu Mar 26 21:18:55 PKT 2026: Auto-refresh started
Thu Mar 26 21:19:05 PKT 2026: Auto-refresh started
Thu Mar 26 21:19:15 PKT 2026: Auto-refresh started
Thu Mar 26 21:19:25 PKT 2026: Auto-refresh started
Thu Mar 26 21:19:35 PKT 2026: Auto-refresh started
Thu Mar 26 21:19:45 PKT 2026: Auto-refresh started
Thu Mar 26 21:19:55 PKT 2026: Auto-refresh started
Thu Mar 26 21:20:05 PKT 2026: Auto-refresh started
Thu Mar 26 21:20:15 PKT 2026: Auto-refresh started
Thu Mar 26 21:20:26 PKT 2026: Auto-refresh started
Thu Mar 26 21:20:36 PKT 2026: Auto-refresh started
Thu Mar 26 21:20:46 PKT 2026: Auto-refresh started
Thu Mar 26 21:20:56 PKT 2026: Auto-refresh started
Thu Mar 26 21:21:06 PKT 2026: Auto-refresh started
Thu Mar 26 21:21:16 PKT 2026: Auto-refresh started
Thu Mar 26 21:21:26 PKT 2026: Auto-refresh started
Thu Mar 26 21:21:36 PKT 2026: Auto-refresh started
Thu Mar 26 21:21:46 PKT 2026: Auto-refresh started
Thu Mar 26 21:21:56 PKT 2026: Auto-refresh started
Thu Mar 26 21:22:06 PKT 2026: Auto-refresh started
Thu Mar 26 21:22:16 PKT 2026: Auto-refresh started
Thu Mar 26 21:22:26 PKT 2026: Auto-refresh started
Thu Mar 26 21:22:36 PKT 2026: Auto-refresh started
Thu Mar 26 21:22:46 PKT 2026: Auto-refresh started
Thu Mar 26 21:22:56 PKT 2026: Auto-refresh started
Thu Mar 26 21:23:07 PKT 2026: Auto-refresh started
Thu Mar 26 21:23:17 PKT 2026: Auto-refresh started
Thu Mar 26 21:23:27 PKT 2026: Auto-refresh started
Thu Mar 26 21:23:37 PKT 2026: Auto-refresh started
Thu Mar 26 21:23:47 PKT 2026: Auto-refresh started
Thu Mar 26 21:23:57 PKT 2026: Auto-refresh started
Thu Mar 26 21:24:07 PKT 2026: Auto-refresh started
Thu Mar 26 21:24:17 PKT 2026: Auto-refresh started
Thu Mar 26 21:24:27 PKT 2026: Auto-refresh started
Thu Mar 26 21:24:37 PKT 2026: Auto-refresh started
Thu Mar 26 21:24:47 PKT 2026: Auto-refresh started
Thu Mar 26 21:24:57 PKT 2026: Auto-refresh started
Thu Mar 26 21:25:07 PKT 2026: Auto-refresh started
Thu Mar 26 21:25:17 PKT 2026: Auto-refresh started
Thu Mar 26 21:25:27 PKT 2026: Auto-refresh started
Thu Mar 26 21:25:38 PKT 2026: Auto-refresh started
Thu Mar 26 21:25:48 PKT 2026: Auto-refresh started
Thu Mar 26 21:25:58 PKT 2026: Auto-refresh started
Thu Mar 26 21:26:08 PKT 2026: Auto-refresh started
Thu Mar 26 21:26:18 PKT 2026: Auto-refresh started
Thu Mar 26 21:26:28 PKT 2026: Auto-refresh started
Thu Mar 26 21:26:38 PKT 2026: Auto-refresh started
Thu Mar 26 21:26:48 PKT 2026: Auto-refresh started
Thu Mar 26 21:26:58 PKT 2026: Auto-refresh started
Thu Mar 26 21:27:08 PKT 2026: Auto-refresh started
Thu Mar 26 21:27:18 PKT 2026: Auto-refresh started
Thu Mar 26 21:27:28 PKT 2026: Auto-refresh started
Thu Mar 26 21:27:38 PKT 2026: Auto-refresh started
Thu Mar 26 21:27:48 PKT 2026: Auto-refresh started
Thu Mar 26 21:27:58 PKT 2026: Auto-refresh started
Thu Mar 26 21:28:08 PKT 2026: Auto-refresh started
Thu Mar 26 21:28:19 PKT 2026: Auto-refresh started
Thu Mar 26 21:28:29 PKT 2026: Auto-refresh started
Thu Mar 26 21:28:39 PKT 2026: Auto-refresh started
Thu Mar 26 21:28:49 PKT 2026: Auto-refresh started
Thu Mar 26 21:28:59 PKT 2026: Auto-refresh started
Thu Mar 26 21:29:09 PKT 2026: Auto-refresh started
Thu Mar 26 21:29:19 PKT 2026: Auto-refresh started
Thu Mar 26 21:29:29 PKT 2026: Auto-refresh started
Thu Mar 26 21:29:39 PKT 2026: Auto-refresh started
Thu Mar 26 21:29:49 PKT 2026: Auto-refresh started
Thu Mar 26 21:29:59 PKT 2026: Auto-refresh started
Thu Mar 26 21:30:09 PKT 2026: Auto-refresh started
Thu Mar 26 21:30:19 PKT 2026: Auto-refresh started
Thu Mar 26 21:30:29 PKT 2026: Auto-refresh started
Thu Mar 26 21:30:39 PKT 2026: Auto-refresh started
Thu Mar 26 21:30:49 PKT 2026: Auto-refresh started
Thu Mar 26 21:30:59 PKT 2026: Auto-refresh started
Thu Mar 26 21:31:09 PKT 2026: Auto-refresh started
Thu Mar 26 21:31:20 PKT 2026: Auto-refresh started
Thu Mar 26 21:31:30 PKT 2026: Auto-refresh started
Thu Mar 26 21:31:40 PKT 2026: Auto-refresh started
Thu Mar 26 21:31:50 PKT 2026: Auto-refresh started
Thu Mar 26 21:32:00 PKT 2026: Auto-refresh started
Thu Mar 26 21:32:10 PKT 2026: Auto-refresh started
Thu Mar 26 21:32:20 PKT 2026: Auto-refresh started
Thu Mar 26 21:32:30 PKT 2026: Auto-refresh started
Thu Mar 26 21:32:40 PKT 2026: Auto-refresh started
Thu Mar 26 21:32:50 PKT 2026: Auto-refresh started
Thu Mar 26 21:33:00 PKT 2026: Auto-refresh started
Thu Mar 26 21:33:10 PKT 2026: Auto-refresh started
Thu Mar 26 21:33:20 PKT 2026: Auto-refresh started
Thu Mar 26 21:33:30 PKT 2026: Auto-refresh started
Thu Mar 26 21:33:40 PKT 2026: Auto-refresh started
Thu Mar 26 21:33:50 PKT 2026: Auto-refresh started
Thu Mar 26 21:34:00 PKT 2026: Auto-refresh started
Thu Mar 26 21:34:10 PKT 2026: Auto-refresh started
Thu Mar 26 21:34:21 PKT 2026: Auto-refresh started
Thu Mar 26 21:34:31 PKT 2026: Auto-refresh started
Thu Mar 26 21:34:41 PKT 2026: Auto-refresh started
Thu Mar 26 21:34:51 PKT 2026: Auto-refresh started
Thu Mar 26 21:35:01 PKT 2026: Auto-refresh started
Thu Mar 26 21:35:11 PKT 2026: Auto-refresh started
Thu Mar 26 21:35:21 PKT 2026: Auto-refresh started
Thu Mar 26 21:35:31 PKT 2026: Auto-refresh started
Thu Mar 26 21:35:41 PKT 2026: Auto-refresh started
Thu Mar 26 21:35:51 PKT 2026: Auto-refresh started
Thu Mar 26 21:36:01 PKT 2026: Auto-refresh started
Thu Mar 26 21:36:11 PKT 2026: Auto-refresh started
Thu Mar 26 21:36:21 PKT 2026: Auto-refresh started
Thu Mar 26 21:36:31 PKT 2026: Auto-refresh started
Thu Mar 26 21:36:41 PKT 2026: Auto-refresh started
Thu Mar 26 21:36:51 PKT 2026: Auto-refresh started
Thu Mar 26 21:37:01 PKT 2026: Auto-refresh started
Thu Mar 26 21:37:11 PKT 2026: Auto-refresh started
Thu Mar 26 21:37:21 PKT 2026: Auto-refresh started
Thu Mar 26 21:37:31 PKT 2026: Auto-refresh started
Thu Mar 26 21:37:42 PKT 2026: Auto-refresh started
Thu Mar 26 21:37:52 PKT 2026: Auto-refresh started
Thu Mar 26 21:38:02 PKT 2026: Auto-refresh started
Thu Mar 26 21:38:12 PKT 2026: Auto-refresh started
Thu Mar 26 21:38:22 PKT 2026: Auto-refresh started
Thu Mar 26 21:38:32 PKT 2026: Auto-refresh started
Thu Mar 26 21:38:42 PKT 2026: Auto-refresh started
Thu Mar 26 21:38:52 PKT 2026: Auto-refresh started
Thu Mar 26 21:39:02 PKT 2026: Auto-refresh started
Thu Mar 26 21:39:12 PKT 2026: Auto-refresh started
Thu Mar 26 21:39:22 PKT 2026: Auto-refresh started
Thu Mar 26 21:39:32 PKT 2026: Auto-refresh started
Thu Mar 26 21:39:42 PKT 2026: Auto-refresh started
Thu Mar 26 21:39:52 PKT 2026: Auto-refresh started
Thu Mar 26 21:40:02 PKT 2026: Auto-refresh started
Thu Mar 26 21:40:42 PKT 2026: Auto-refresh started
Thu Mar 26 21:40:52 PKT 2026: Auto-refresh started
Thu Mar 26 23:09:35 PKT 2026: Auto-refresh started
Thu Mar 26 23:39:35 PKT 2026: Running scheduled refresh...
Updating dates in multi_xml_config.txt to 20260326
Created backup: ../add_backup/multi_xml_config.txt.backup
Updated date parameters to 20260326
Done!
Fri Mar 27 00:09:35 PKT 2026: Running scheduled refresh...
Updating dates in multi_xml_config.txt to 20260327
Created backup: ../add_backup/multi_xml_config.txt.backup
Updated date parameters to 20260327
Done!
Fri Mar 27 00:39:35 PKT 2026: Running scheduled refresh...
Updating dates in multi_xml_config.txt to 20260327
Created backup: ../add_backup/multi_xml_config.txt.backup
Updated date parameters to 20260327
Done!
Fri Mar 27 00:55:06 PKT 2026: Auto-refresh started
Fri Mar 27 01:04:42 PKT 2026: Auto-refresh started
Fri Mar 27 01:17:12 PKT 2026: Auto-refresh started
Fri Mar 27 01:17:23 PKT 2026: Auto-refresh started
Fri Mar 27 01:22:13 PKT 2026: Auto-refresh started
Fri Mar 27 01:35:26 PKT 2026: Auto-refresh started
Fri Mar 27 01:40:27 PKT 2026: Auto-refresh started
Fri Mar 27 02:10:27 PKT 2026: Running scheduled refresh...
Updating dates in multi_xml_config.txt to 20260327
Created backup: ../add_backup/multi_xml_config.txt.backup
Updated date parameters to 20260327
Done!
Fri Mar 27 02:40:28 PKT 2026: Running scheduled refresh...
Updating dates in multi_xml_config.txt to 20260327
Created backup: ../add_backup/multi_xml_config.txt.backup
Updated date parameters to 20260327
Done!
Fri Mar 27 03:10:29 PKT 2026: Running scheduled refresh...
Updating dates in multi_xml_config.txt to 20260327
Created backup: ../add_backup/multi_xml_config.txt.backup
Updated date parameters to 20260327
Done!
Fri Mar 27 03:40:29 PKT 2026: Running scheduled refresh...
Updating dates in multi_xml_config.txt to 20260327
Created backup: ../add_backup/multi_xml_config.txt.backup
Updated date parameters to 20260327
Done!
Fri Mar 27 04:10:29 PKT 2026: Running scheduled refresh...
Updating dates in multi_xml_config.txt to 20260327
Created backup: ../add_backup/multi_xml_config.txt.backup
Updated date parameters to 20260327
Done!
Fri Mar 27 10:38:47 PKT 2026: Auto-refresh started
Fri Mar 27 17:02:54 PKT 2026: Auto-refresh started
